----------------------------------------------------------------
Wed Jun 24 12:22:26 IST 2020:
Booting Derby version The Apache Software Foundation - Apache Derby - 10.14.2.0 - (1828579): instance a816c00e-0172-e519-627d-000011ce5650 
on database directory memory:C:\Users\xeadmin\Downloads\covid_application\368b57cf-0a1e-4f4d-8599-7a4907144041 with class loader sun.misc.Launcher$AppClassLoader@73d16e93 
Loaded from file:/C:/Users/xeadmin/.m2/repository/org/apache/derby/derby/10.14.2.0/derby-10.14.2.0.jar
java.vendor=Oracle Corporation
java.runtime.version=1.8.0_181-b13
user.dir=C:\Users\xeadmin\Downloads\covid_application
os.name=Windows 10
os.arch=amd64
os.version=10.0
derby.system.home=null
Database Class Loader started - derby.database.classpath=''
----------------------------------------------------------------
Wed Jun 24 12:23:01 IST 2020:
Shutting down instance a816c00e-0172-e519-627d-000011ce5650 on database directory memory:C:\Users\xeadmin\Downloads\covid_application\368b57cf-0a1e-4f4d-8599-7a4907144041 with class loader sun.misc.Launcher$AppClassLoader@73d16e93 
----------------------------------------------------------------
Wed Jun 24 12:23:04 IST 2020:
Booting Derby version The Apache Software Foundation - Apache Derby - 10.14.2.0 - (1828579): instance b2280141-0172-e519-627d-000011ce5650 
on database directory memory:C:\Users\xeadmin\Downloads\covid_application\c09b8e58-ad20-4739-af03-75ba0baff8b0 with class loader sun.misc.Launcher$AppClassLoader@73d16e93 
Loaded from file:/C:/Users/xeadmin/.m2/repository/org/apache/derby/derby/10.14.2.0/derby-10.14.2.0.jar
java.vendor=Oracle Corporation
java.runtime.version=1.8.0_181-b13
user.dir=C:\Users\xeadmin\Downloads\covid_application
os.name=Windows 10
os.arch=amd64
os.version=10.0
derby.system.home=null
Database Class Loader started - derby.database.classpath=''
